<?xml version="1.0" encoding="UTF-8"?>
<!-- Generated by org.testng.reporters.JUnitReportReporter -->
<testsuite hostname="AsusPrap" failures="0" tests="2" name="testCases.T001_CreateAccount" time="0.000" errors="0" timestamp="2022-09-07T20:24:53 BDT" skipped="2">
  <testcase classname="testCases.T001_CreateAccount" name="registration" time="0.000">
    <skipped/>
  </testcase> <!-- registration -->
  <system-out/>
  <testcase classname="testCases.T001_CreateAccount" name="registration" time="0.000">
    <skipped/>
  </testcase> <!-- registration -->
  <system-out/>
</testsuite> <!-- testCases.T001_CreateAccount -->
