<?xml version="1.0" encoding="UTF-8"?>
<!-- Generated by org.testng.reporters.JUnitReportReporter -->
<testsuite hostname="AsusPrap" failures="0" tests="3" name="testCases.T002_AccountLogIn_Purchase" time="8.461" errors="1" timestamp="2022-09-07T20:24:53 BDT" skipped="2">
  <testcase classname="testCases.T002_AccountLogIn_Purchase" name="setUp" time="8.461">
    <error type="java.lang.NullPointerException">
      <![CDATA[java.lang.NullPointerException
at base_PageDriver.SetBaseDriver.setUp(SetBaseDriver.java:36)
at java.base/jdk.internal.reflect.NativeMethodAccessorImpl.invoke0(Native Method)
at java.base/jdk.internal.reflect.NativeMethodAccessorImpl.invoke(NativeMethodAccessorImpl.java:62)
at java.base/jdk.internal.reflect.DelegatingMethodAccessorImpl.invoke(DelegatingMethodAccessorImpl.java:43)
at java.base/java.lang.reflect.Method.invoke(Method.java:566)
at org.testng.internal.invokers.MethodInvocationHelper.invokeMethod(MethodInvocationHelper.java:135)
at org.testng.internal.invokers.MethodInvocationHelper.invokeMethodConsideringTimeout(MethodInvocationHelper.java:65)
at org.testng.internal.invokers.ConfigInvoker.invokeConfigurationMethod(ConfigInvoker.java:381)
at org.testng.internal.invokers.ConfigInvoker.invokeConfigurations(ConfigInvoker.java:319)
at org.testng.SuiteRunner.privateRun(SuiteRunner.java:368)
at org.testng.SuiteRunner.run(SuiteRunner.java:326)
at org.testng.SuiteRunnerWorker.runSuite(SuiteRunnerWorker.java:52)
at org.testng.SuiteRunnerWorker.run(SuiteRunnerWorker.java:95)
at org.testng.TestNG.runSuitesSequentially(TestNG.java:1249)
at org.testng.TestNG.runSuitesLocally(TestNG.java:1169)
at org.testng.TestNG.runSuites(TestNG.java:1092)
at org.testng.TestNG.run(TestNG.java:1060)
at org.testng.remote.AbstractRemoteTestNG.run(AbstractRemoteTestNG.java:115)
at org.testng.remote.RemoteTestNG.initAndRun(RemoteTestNG.java:251)
at org.testng.remote.RemoteTestNG.main(RemoteTestNG.java:77)
]]>
    </error>
  </testcase> <!-- setUp -->
  <system-out/>
  <testcase classname="testCases.T002_AccountLogIn_Purchase" name="loginAndPurchase" time="0.000">
    <skipped/>
  </testcase> <!-- loginAndPurchase -->
  <system-out/>
  <testcase classname="testCases.T002_AccountLogIn_Purchase" name="loginAndPurchase" time="0.000">
    <skipped/>
  </testcase> <!-- loginAndPurchase -->
  <system-out/>
</testsuite> <!-- testCases.T002_AccountLogIn_Purchase -->
